<?xml version="1.0" encoding="UTF-8"?>
<testsuite name="com.example.springvue.SpringVueApplicationTests" tests="1" skipped="0" failures="0" errors="0" timestamp="2022-05-05T20:59:43" hostname="Sams-MacBook-Pro.local" time="0.144">
  <properties/>
  <testcase name="contextLoads" classname="com.example.springvue.SpringVueApplicationTests" time="0.144"/>
  <system-out><![CDATA[21:59:42.076 [Test worker] DEBUG org.springframework.test.context.junit4.SpringJUnit4ClassRunner - SpringJUnit4ClassRunner constructor called with [class com.example.springvue.SpringVueApplicationTests]
21:59:42.079 [Test worker] DEBUG org.springframework.test.context.BootstrapUtils - Instantiating CacheAwareContextLoaderDelegate from class [org.springframework.test.context.cache.DefaultCacheAwareContextLoaderDelegate]
21:59:42.083 [Test worker] DEBUG org.springframework.test.context.BootstrapUtils - Instantiating BootstrapContext using constructor [public org.springframework.test.context.support.DefaultBootstrapContext(java.lang.Class,org.springframework.test.context.CacheAwareContextLoaderDelegate)]
21:59:42.090 [Test worker] DEBUG org.springframework.test.context.BootstrapUtils - Instantiating TestContextBootstrapper for test class [com.example.springvue.SpringVueApplicationTests] from class [org.springframework.boot.test.context.SpringBootTestContextBootstrapper]
21:59:42.094 [Test worker] INFO org.springframework.boot.test.context.SpringBootTestContextBootstrapper - Neither @ContextConfiguration nor @ContextHierarchy found for test class [com.example.springvue.SpringVueApplicationTests], using SpringBootContextLoader
21:59:42.095 [Test worker] DEBUG org.springframework.test.context.support.AbstractContextLoader - Did not detect default resource location for test class [com.example.springvue.SpringVueApplicationTests]: class path resource [com/example/springvue/SpringVueApplicationTests-context.xml] does not exist
21:59:42.096 [Test worker] DEBUG org.springframework.test.context.support.AbstractContextLoader - Did not detect default resource location for test class [com.example.springvue.SpringVueApplicationTests]: class path resource [com/example/springvue/SpringVueApplicationTestsContext.groovy] does not exist
21:59:42.096 [Test worker] INFO org.springframework.test.context.support.AbstractContextLoader - Could not detect default resource locations for test class [com.example.springvue.SpringVueApplicationTests]: no resource found for suffixes {-context.xml, Context.groovy}.
21:59:42.096 [Test worker] INFO org.springframework.test.context.support.AnnotationConfigContextLoaderUtils - Could not detect default configuration classes for test class [com.example.springvue.SpringVueApplicationTests]: SpringVueApplicationTests does not declare any static, non-private, non-final, nested classes annotated with @Configuration.
21:59:42.110 [Test worker] DEBUG org.springframework.test.context.support.ActiveProfilesUtils - Could not find an 'annotation declaring class' for annotation type [org.springframework.test.context.ActiveProfiles] and class [com.example.springvue.SpringVueApplicationTests]
21:59:42.132 [Test worker] DEBUG org.springframework.context.annotation.ClassPathScanningCandidateComponentProvider - Identified candidate component class: file [/Users/sam/IdeaProjects/spring-boot-vue-example/rvs-page/web/backend/build/classes/java/main/com/example/springvue/SpringVueApplication.class]
21:59:42.133 [Test worker] INFO org.springframework.boot.test.context.SpringBootTestContextBootstrapper - Found @SpringBootConfiguration com.example.springvue.SpringVueApplication for test class com.example.springvue.SpringVueApplicationTests
21:59:42.167 [Test worker] DEBUG org.springframework.boot.test.context.SpringBootTestContextBootstrapper - @TestExecutionListeners is not present for class [com.example.springvue.SpringVueApplicationTests]: using defaults.
21:59:42.167 [Test worker] INFO org.springframework.boot.test.context.SpringBootTestContextBootstrapper - Loaded default TestExecutionListener class names from location [META-INF/spring.factories]: [org.springframework.boot.test.autoconfigure.restdocs.RestDocsTestExecutionListener, org.springframework.boot.test.autoconfigure.web.client.MockRestServiceServerResetTestExecutionListener, org.springframework.boot.test.autoconfigure.web.servlet.MockMvcPrintOnlyOnFailureTestExecutionListener, org.springframework.boot.test.autoconfigure.web.servlet.WebDriverTestExecutionListener, org.springframework.boot.test.mock.mockito.MockitoTestExecutionListener, org.springframework.boot.test.mock.mockito.ResetMocksTestExecutionListener, org.springframework.test.context.web.ServletTestExecutionListener, org.springframework.test.context.support.DirtiesContextBeforeModesTestExecutionListener, org.springframework.test.context.support.DependencyInjectionTestExecutionListener, org.springframework.test.context.support.DirtiesContextTestExecutionListener, org.springframework.test.context.transaction.TransactionalTestExecutionListener, org.springframework.test.context.jdbc.SqlScriptsTestExecutionListener]
21:59:42.171 [Test worker] DEBUG org.springframework.boot.test.context.SpringBootTestContextBootstrapper - Skipping candidate TestExecutionListener [org.springframework.test.context.transaction.TransactionalTestExecutionListener] due to a missing dependency. Specify custom listener classes or make the default listener classes and their required dependencies available. Offending class: [org/springframework/transaction/interceptor/TransactionAttributeSource]
21:59:42.171 [Test worker] DEBUG org.springframework.boot.test.context.SpringBootTestContextBootstrapper - Skipping candidate TestExecutionListener [org.springframework.test.context.jdbc.SqlScriptsTestExecutionListener] due to a missing dependency. Specify custom listener classes or make the default listener classes and their required dependencies available. Offending class: [org/springframework/transaction/interceptor/TransactionAttribute]
21:59:42.172 [Test worker] INFO org.springframework.boot.test.context.SpringBootTestContextBootstrapper - Using TestExecutionListeners: [org.springframework.test.context.web.ServletTestExecutionListener@756bafdf, org.springframework.test.context.support.DirtiesContextBeforeModesTestExecutionListener@2db50212, org.springframework.boot.test.mock.mockito.MockitoTestExecutionListener@3ad3cca, org.springframework.boot.test.autoconfigure.SpringBootDependencyInjectionTestExecutionListener@53187c50, org.springframework.test.context.support.DirtiesContextTestExecutionListener@7b2534bb, org.springframework.boot.test.autoconfigure.restdocs.RestDocsTestExecutionListener@7e050c5f, org.springframework.boot.test.autoconfigure.web.client.MockRestServiceServerResetTestExecutionListener@14a43439, org.springframework.boot.test.autoconfigure.web.servlet.MockMvcPrintOnlyOnFailureTestExecutionListener@4ce3001, org.springframework.boot.test.autoconfigure.web.servlet.WebDriverTestExecutionListener@561c4ccf, org.springframework.boot.test.mock.mockito.ResetMocksTestExecutionListener@adc5a7]
21:59:42.173 [Test worker] DEBUG org.springframework.test.annotation.ProfileValueUtils - Retrieved @ProfileValueSourceConfiguration [null] for test class [com.example.springvue.SpringVueApplicationTests]
21:59:42.173 [Test worker] DEBUG org.springframework.test.annotation.ProfileValueUtils - Retrieved ProfileValueSource type [class org.springframework.test.annotation.SystemProfileValueSource] for class [com.example.springvue.SpringVueApplicationTests]
21:59:42.173 [Test worker] DEBUG org.springframework.test.annotation.ProfileValueUtils - Retrieved @ProfileValueSourceConfiguration [null] for test class [com.example.springvue.SpringVueApplicationTests]
21:59:42.173 [Test worker] DEBUG org.springframework.test.annotation.ProfileValueUtils - Retrieved ProfileValueSource type [class org.springframework.test.annotation.SystemProfileValueSource] for class [com.example.springvue.SpringVueApplicationTests]
21:59:42.175 [Test worker] DEBUG org.springframework.test.context.support.AbstractDirtiesContextTestExecutionListener - Before test class: context [DefaultTestContext@1ac9a093 testClass = SpringVueApplicationTests, testInstance = [null], testMethod = [null], testException = [null], mergedContextConfiguration = [WebMergedContextConfiguration@50427f8e testClass = SpringVueApplicationTests, locations = '{}', classes = '{class com.example.springvue.SpringVueApplication}', contextInitializerClasses = '[]', activeProfiles = '{}', propertySourceLocations = '{}', propertySourceProperties = '{org.springframework.boot.test.context.SpringBootTestContextBootstrapper=true}', contextCustomizers = set[org.springframework.boot.test.autoconfigure.properties.PropertyMappingContextCustomizer@0, org.springframework.boot.test.autoconfigure.web.servlet.WebDriverContextCustomizerFactory$Customizer@14c2f6f0, org.springframework.boot.test.context.filter.ExcludeFilterContextCustomizer@62d56ceb, org.springframework.boot.test.json.DuplicateJsonObjectContextCustomizerFactory$DuplicateJsonObjectContextCustomizer@68c2ab81, org.springframework.boot.test.mock.mockito.MockitoContextCustomizer@0, org.springframework.boot.test.web.client.TestRestTemplateContextCustomizer@622da281], resourceBasePath = 'src/main/webapp', contextLoader = 'org.springframework.boot.test.context.SpringBootContextLoader', parent = [null]], attributes = map['org.springframework.test.context.web.ServletTestExecutionListener.activateListener' -> true]], class annotated with @DirtiesContext [false] with mode [null].
21:59:42.175 [Test worker] DEBUG org.springframework.test.annotation.ProfileValueUtils - Retrieved @ProfileValueSourceConfiguration [null] for test class [com.example.springvue.SpringVueApplicationTests]
21:59:42.175 [Test worker] DEBUG org.springframework.test.annotation.ProfileValueUtils - Retrieved ProfileValueSource type [class org.springframework.test.annotation.SystemProfileValueSource] for class [com.example.springvue.SpringVueApplicationTests]
21:59:42.181 [Test worker] DEBUG org.springframework.test.context.support.TestPropertySourceUtils - Adding inlined properties to environment: {spring.jmx.enabled=false, org.springframework.boot.test.context.SpringBootTestContextBootstrapper=true, server.port=-1}

  .   ____          _            __ _ _
 /\\ / ___'_ __ _ _(_)_ __  __ _ \ \ \ \
( ( )\___ | '_ | '_| | '_ \/ _` | \ \ \ \
 \\/  ___)| |_)| | | | | || (_| |  ) ) ) )
  '  |____| .__|_| |_|_| |_\__, | / / / /
 =========|_|==============|___/=/_/_/_/
 :: Spring Boot ::        (v2.1.1.RELEASE)

2022-05-05 21:59:42.308  INFO 8193 --- [    Test worker] c.e.springvue.SpringVueApplicationTests  : Starting SpringVueApplicationTests on Sams-MacBook-Pro.local with PID 8193 (started by sam in /Users/sam/IdeaProjects/spring-boot-vue-example/rvs-page/web/backend)
2022-05-05 21:59:42.309  INFO 8193 --- [    Test worker] c.e.springvue.SpringVueApplicationTests  : No active profile set, falling back to default profiles: default
2022-05-05 21:59:42.922  INFO 8193 --- [    Test worker] o.s.s.concurrent.ThreadPoolTaskExecutor  : Initializing ExecutorService 'applicationTaskExecutor'
2022-05-05 21:59:42.987  INFO 8193 --- [    Test worker] o.s.b.a.w.s.WelcomePageHandlerMapping    : Adding welcome page: class path resource [public/index.html]
2022-05-05 21:59:43.044  INFO 8193 --- [    Test worker] c.e.springvue.SpringVueApplicationTests  : Started SpringVueApplicationTests in 0.858 seconds (JVM running for 1.25)
]]></system-out>
  <system-err><![CDATA[]]></system-err>
</testsuite>
