<?xml version="1.0" encoding="UTF-8"?>
<testsuite name="com.example.springvue.SpringVueApplicationTests" tests="1" skipped="0" failures="0" errors="0" timestamp="2022-05-05T22:52:05" hostname="Sams-MacBook-Pro.local" time="0.132">
  <properties/>
  <testcase name="contextLoads" classname="com.example.springvue.SpringVueApplicationTests" time="0.132"/>
  <system-out><![CDATA[23:52:05.048 [Test worker] DEBUG org.springframework.test.context.junit4.SpringJUnit4ClassRunner - SpringJUnit4ClassRunner constructor called with [class com.example.springvue.SpringVueApplicationTests]
23:52:05.051 [Test worker] DEBUG org.springframework.test.context.BootstrapUtils - Instantiating CacheAwareContextLoaderDelegate from class [org.springframework.test.context.cache.DefaultCacheAwareContextLoaderDelegate]
23:52:05.054 [Test worker] DEBUG org.springframework.test.context.BootstrapUtils - Instantiating BootstrapContext using constructor [public org.springframework.test.context.support.DefaultBootstrapContext(java.lang.Class,org.springframework.test.context.CacheAwareContextLoaderDelegate)]
23:52:05.061 [Test worker] DEBUG org.springframework.test.context.BootstrapUtils - Instantiating TestContextBootstrapper for test class [com.example.springvue.SpringVueApplicationTests] from class [org.springframework.boot.test.context.SpringBootTestContextBootstrapper]
23:52:05.067 [Test worker] INFO org.springframework.boot.test.context.SpringBootTestContextBootstrapper - Neither @ContextConfiguration nor @ContextHierarchy found for test class [com.example.springvue.SpringVueApplicationTests], using SpringBootContextLoader
23:52:05.068 [Test worker] DEBUG org.springframework.test.context.support.AbstractContextLoader - Did not detect default resource location for test class [com.example.springvue.SpringVueApplicationTests]: class path resource [com/example/springvue/SpringVueApplicationTests-context.xml] does not exist
23:52:05.069 [Test worker] DEBUG org.springframework.test.context.support.AbstractContextLoader - Did not detect default resource location for test class [com.example.springvue.SpringVueApplicationTests]: class path resource [com/example/springvue/SpringVueApplicationTestsContext.groovy] does not exist
23:52:05.069 [Test worker] INFO org.springframework.test.context.support.AbstractContextLoader - Could not detect default resource locations for test class [com.example.springvue.SpringVueApplicationTests]: no resource found for suffixes {-context.xml, Context.groovy}.
23:52:05.069 [Test worker] INFO org.springframework.test.context.support.AnnotationConfigContextLoaderUtils - Could not detect default configuration classes for test class [com.example.springvue.SpringVueApplicationTests]: SpringVueApplicationTests does not declare any static, non-private, non-final, nested classes annotated with @Configuration.
23:52:05.084 [Test worker] DEBUG org.springframework.test.context.support.ActiveProfilesUtils - Could not find an 'annotation declaring class' for annotation type [org.springframework.test.context.ActiveProfiles] and class [com.example.springvue.SpringVueApplicationTests]
23:52:05.108 [Test worker] DEBUG org.springframework.context.annotation.ClassPathScanningCandidateComponentProvider - Identified candidate component class: file [/Users/sam/IdeaProjects/spring-boot-vue-example/rvs-page/web/backend/build/classes/java/main/com/example/springvue/SpringVueApplication.class]
23:52:05.109 [Test worker] INFO org.springframework.boot.test.context.SpringBootTestContextBootstrapper - Found @SpringBootConfiguration com.example.springvue.SpringVueApplication for test class com.example.springvue.SpringVueApplicationTests
23:52:05.144 [Test worker] DEBUG org.springframework.boot.test.context.SpringBootTestContextBootstrapper - @TestExecutionListeners is not present for class [com.example.springvue.SpringVueApplicationTests]: using defaults.
23:52:05.145 [Test worker] INFO org.springframework.boot.test.context.SpringBootTestContextBootstrapper - Loaded default TestExecutionListener class names from location [META-INF/spring.factories]: [org.springframework.boot.test.autoconfigure.restdocs.RestDocsTestExecutionListener, org.springframework.boot.test.autoconfigure.web.client.MockRestServiceServerResetTestExecutionListener, org.springframework.boot.test.autoconfigure.web.servlet.MockMvcPrintOnlyOnFailureTestExecutionListener, org.springframework.boot.test.autoconfigure.web.servlet.WebDriverTestExecutionListener, org.springframework.boot.test.mock.mockito.MockitoTestExecutionListener, org.springframework.boot.test.mock.mockito.ResetMocksTestExecutionListener, org.springframework.test.context.web.ServletTestExecutionListener, org.springframework.test.context.support.DirtiesContextBeforeModesTestExecutionListener, org.springframework.test.context.support.DependencyInjectionTestExecutionListener, org.springframework.test.context.support.DirtiesContextTestExecutionListener, org.springframework.test.context.transaction.TransactionalTestExecutionListener, org.springframework.test.context.jdbc.SqlScriptsTestExecutionListener]
23:52:05.148 [Test worker] DEBUG org.springframework.boot.test.context.SpringBootTestContextBootstrapper - Skipping candidate TestExecutionListener [org.springframework.test.context.transaction.TransactionalTestExecutionListener] due to a missing dependency. Specify custom listener classes or make the default listener classes and their required dependencies available. Offending class: [org/springframework/transaction/interceptor/TransactionAttributeSource]
23:52:05.149 [Test worker] DEBUG org.springframework.boot.test.context.SpringBootTestContextBootstrapper - Skipping candidate TestExecutionListener [org.springframework.test.context.jdbc.SqlScriptsTestExecutionListener] due to a missing dependency. Specify custom listener classes or make the default listener classes and their required dependencies available. Offending class: [org/springframework/transaction/interceptor/TransactionAttribute]
23:52:05.149 [Test worker] INFO org.springframework.boot.test.context.SpringBootTestContextBootstrapper - Using TestExecutionListeners: [org.springframework.test.context.web.ServletTestExecutionListener@6c1c61f, org.springframework.test.context.support.DirtiesContextBeforeModesTestExecutionListener@375190b5, org.springframework.boot.test.mock.mockito.MockitoTestExecutionListener@111a05b0, org.springframework.boot.test.autoconfigure.SpringBootDependencyInjectionTestExecutionListener@ce6e2b4, org.springframework.test.context.support.DirtiesContextTestExecutionListener@49f2c09, org.springframework.boot.test.autoconfigure.restdocs.RestDocsTestExecutionListener@3ff0d017, org.springframework.boot.test.autoconfigure.web.client.MockRestServiceServerResetTestExecutionListener@7e0665dc, org.springframework.boot.test.autoconfigure.web.servlet.MockMvcPrintOnlyOnFailureTestExecutionListener@45cecbea, org.springframework.boot.test.autoconfigure.web.servlet.WebDriverTestExecutionListener@384c483e, org.springframework.boot.test.mock.mockito.ResetMocksTestExecutionListener@1854748]
23:52:05.150 [Test worker] DEBUG org.springframework.test.annotation.ProfileValueUtils - Retrieved @ProfileValueSourceConfiguration [null] for test class [com.example.springvue.SpringVueApplicationTests]
23:52:05.150 [Test worker] DEBUG org.springframework.test.annotation.ProfileValueUtils - Retrieved ProfileValueSource type [class org.springframework.test.annotation.SystemProfileValueSource] for class [com.example.springvue.SpringVueApplicationTests]
23:52:05.150 [Test worker] DEBUG org.springframework.test.annotation.ProfileValueUtils - Retrieved @ProfileValueSourceConfiguration [null] for test class [com.example.springvue.SpringVueApplicationTests]
23:52:05.150 [Test worker] DEBUG org.springframework.test.annotation.ProfileValueUtils - Retrieved ProfileValueSource type [class org.springframework.test.annotation.SystemProfileValueSource] for class [com.example.springvue.SpringVueApplicationTests]
23:52:05.152 [Test worker] DEBUG org.springframework.test.context.support.AbstractDirtiesContextTestExecutionListener - Before test class: context [DefaultTestContext@34e59a28 testClass = SpringVueApplicationTests, testInstance = [null], testMethod = [null], testException = [null], mergedContextConfiguration = [WebMergedContextConfiguration@7e2ee550 testClass = SpringVueApplicationTests, locations = '{}', classes = '{class com.example.springvue.SpringVueApplication}', contextInitializerClasses = '[]', activeProfiles = '{}', propertySourceLocations = '{}', propertySourceProperties = '{org.springframework.boot.test.context.SpringBootTestContextBootstrapper=true}', contextCustomizers = set[org.springframework.boot.test.autoconfigure.properties.PropertyMappingContextCustomizer@0, org.springframework.boot.test.autoconfigure.web.servlet.WebDriverContextCustomizerFactory$Customizer@6c4a788e, org.springframework.boot.test.context.filter.ExcludeFilterContextCustomizer@3860930e, org.springframework.boot.test.json.DuplicateJsonObjectContextCustomizerFactory$DuplicateJsonObjectContextCustomizer@70b31302, org.springframework.boot.test.mock.mockito.MockitoContextCustomizer@0, org.springframework.boot.test.web.client.TestRestTemplateContextCustomizer@3481a105], resourceBasePath = 'src/main/webapp', contextLoader = 'org.springframework.boot.test.context.SpringBootContextLoader', parent = [null]], attributes = map['org.springframework.test.context.web.ServletTestExecutionListener.activateListener' -> true]], class annotated with @DirtiesContext [false] with mode [null].
23:52:05.152 [Test worker] DEBUG org.springframework.test.annotation.ProfileValueUtils - Retrieved @ProfileValueSourceConfiguration [null] for test class [com.example.springvue.SpringVueApplicationTests]
23:52:05.152 [Test worker] DEBUG org.springframework.test.annotation.ProfileValueUtils - Retrieved ProfileValueSource type [class org.springframework.test.annotation.SystemProfileValueSource] for class [com.example.springvue.SpringVueApplicationTests]
23:52:05.159 [Test worker] DEBUG org.springframework.test.context.support.TestPropertySourceUtils - Adding inlined properties to environment: {spring.jmx.enabled=false, org.springframework.boot.test.context.SpringBootTestContextBootstrapper=true, server.port=-1}

  .   ____          _            __ _ _
 /\\ / ___'_ __ _ _(_)_ __  __ _ \ \ \ \
( ( )\___ | '_ | '_| | '_ \/ _` | \ \ \ \
 \\/  ___)| |_)| | | | | || (_| |  ) ) ) )
  '  |____| .__|_| |_|_| |_\__, | / / / /
 =========|_|==============|___/=/_/_/_/
 :: Spring Boot ::        (v2.1.1.RELEASE)

2022-05-05 23:52:05.270  INFO 11912 --- [    Test worker] c.e.springvue.SpringVueApplicationTests  : Starting SpringVueApplicationTests on Sams-MacBook-Pro.local with PID 11912 (started by sam in /Users/sam/IdeaProjects/spring-boot-vue-example/rvs-page/web/backend)
2022-05-05 23:52:05.271  INFO 11912 --- [    Test worker] c.e.springvue.SpringVueApplicationTests  : No active profile set, falling back to default profiles: default
2022-05-05 23:52:05.855  INFO 11912 --- [    Test worker] o.s.s.concurrent.ThreadPoolTaskExecutor  : Initializing ExecutorService 'applicationTaskExecutor'
2022-05-05 23:52:05.917  INFO 11912 --- [    Test worker] o.s.b.a.w.s.WelcomePageHandlerMapping    : Adding welcome page: class path resource [public/index.html]
2022-05-05 23:52:05.978  INFO 11912 --- [    Test worker] c.e.springvue.SpringVueApplicationTests  : Started SpringVueApplicationTests in 0.815 seconds (JVM running for 1.212)
]]></system-out>
  <system-err><![CDATA[]]></system-err>
</testsuite>
